<?xml version="1.0" encoding="UTF-8"?>
<!-- Generated by org.testng.reporters.JUnitXMLReporter -->
<testsuite ignored="0" hostname="nycs-MBP.lan" failures="0" tests="3" name="Default test" time="36.329" errors="0" timestamp="2023-01-04T16:14:05 EST">
  <testcase classname="testPages.HomePageTest" name="clickLogoButtonTest" time="5.283"/>
  <testcase classname="testPages.HomePageTest" name="clickfeedBackTest" time="5.203"/>
  <testcase classname="testPages.HomePageTest" name="clickBodyWrapTest" time="5.1"/>
</testsuite> <!-- Default test -->
