<?xml version="1.0" encoding="UTF-8"?>
<testng-results ignored="0" total="3" passed="3" failed="0" skipped="0">
  <reporter-output>
  </reporter-output>
  <suite started-at="2023-01-04T16:13:29 EST" name="Default suite" finished-at="2023-01-04T16:14:05 EST" duration-ms="36329">
    <groups>
    </groups>
    <test started-at="2023-01-04T16:13:29 EST" name="Default test" finished-at="2023-01-04T16:14:05 EST" duration-ms="36329">
      <class name="testPages.HomePageTest">
        <test-method is-config="true" signature="setUp()[pri:0, instance:testPages.HomePageTest@223aa2f7]" started-at="2023-01-04T16:13:29 EST" name="setUp" finished-at="2023-01-04T16:13:36 EST" duration-ms="7438" status="PASS">
          <reporter-output>
          </reporter-output>
        </test-method> <!-- setUp -->
        <test-method signature="clickLogoButtonTest()[pri:1, instance:testPages.HomePageTest@223aa2f7]" started-at="2023-01-04T16:13:36 EST" name="clickLogoButtonTest" finished-at="2023-01-04T16:13:41 EST" duration-ms="5283" status="PASS">
          <reporter-output>
          </reporter-output>
        </test-method> <!-- clickLogoButtonTest -->
        <test-method is-config="true" signature="tear()[pri:0, instance:testPages.HomePageTest@223aa2f7]" started-at="2023-01-04T16:13:41 EST" name="tear" finished-at="2023-01-04T16:13:42 EST" duration-ms="226" status="PASS">
          <reporter-output>
          </reporter-output>
        </test-method> <!-- tear -->
        <test-method is-config="true" signature="setUp()[pri:0, instance:testPages.HomePageTest@223aa2f7]" started-at="2023-01-04T16:13:42 EST" name="setUp" finished-at="2023-01-04T16:13:48 EST" duration-ms="6286" status="PASS">
          <reporter-output>
          </reporter-output>
        </test-method> <!-- setUp -->
        <test-method signature="clickfeedBackTest()[pri:2, instance:testPages.HomePageTest@223aa2f7]" started-at="2023-01-04T16:13:48 EST" name="clickfeedBackTest" finished-at="2023-01-04T16:13:53 EST" duration-ms="5203" status="PASS">
          <reporter-output>
          </reporter-output>
        </test-method> <!-- clickfeedBackTest -->
        <test-method is-config="true" signature="tear()[pri:0, instance:testPages.HomePageTest@223aa2f7]" started-at="2023-01-04T16:13:53 EST" name="tear" finished-at="2023-01-04T16:13:53 EST" duration-ms="219" status="PASS">
          <reporter-output>
          </reporter-output>
        </test-method> <!-- tear -->
        <test-method is-config="true" signature="setUp()[pri:0, instance:testPages.HomePageTest@223aa2f7]" started-at="2023-01-04T16:13:53 EST" name="setUp" finished-at="2023-01-04T16:14:00 EST" duration-ms="6341" status="PASS">
          <reporter-output>
          </reporter-output>
        </test-method> <!-- setUp -->
        <test-method signature="clickBodyWrapTest()[pri:3, instance:testPages.HomePageTest@223aa2f7]" started-at="2023-01-04T16:14:00 EST" name="clickBodyWrapTest" finished-at="2023-01-04T16:14:05 EST" duration-ms="5100" status="PASS">
          <reporter-output>
          </reporter-output>
        </test-method> <!-- clickBodyWrapTest -->
        <test-method is-config="true" signature="tear()[pri:0, instance:testPages.HomePageTest@223aa2f7]" started-at="2023-01-04T16:14:05 EST" name="tear" finished-at="2023-01-04T16:14:05 EST" duration-ms="180" status="PASS">
          <reporter-output>
          </reporter-output>
        </test-method> <!-- tear -->
      </class> <!-- testPages.HomePageTest -->
    </test> <!-- Default test -->
  </suite> <!-- Default suite -->
</testng-results>
